生成启动时间为 2016/7/28 15:25:47。
     1>项目“F:\VS Project\LeetCode\LeetCode\LeetCode.vcxproj”在节点 2 上(Build 个目标)。
     1>ClCompile:
         D:\Microsoft Visual Studio 12.0\VC\bin\CL.exe /c /ZI /nologo /W3 /WX- /sdl /Od /Oy- /D WIN32 /D _DEBUG /D _CONSOLE /D _LIB /D _UNICODE /D UNICODE /Gm /EHsc /RTC1 /MDd /GS /fp:precise /Zc:wchar_t /Zc:forScope /Fo"Debug\\" /Fd"Debug\vc120.pdb" /Gd /TP /analyze- /errorReport:prompt Largest_Divisible_Subset.cpp
         Largest_Divisible_Subset.cpp
     1>f:\vs project\leetcode\leetcode\largest_divisible_subset.cpp(13): warning C4018: “<”: 有符号/无符号不匹配
     1>f:\vs project\leetcode\leetcode\largest_divisible_subset.cpp(15): warning C4018: “<”: 有符号/无符号不匹配
     1>f:\vs project\leetcode\leetcode\largest_divisible_subset.cpp(64): warning C4018: “<”: 有符号/无符号不匹配
     1>f:\vs project\leetcode\leetcode\largest_divisible_subset.cpp(76): warning C4018: “<”: 有符号/无符号不匹配
       Link:
         D:\Microsoft Visual Studio 12.0\VC\bin\link.exe /ERRORREPORT:PROMPT /OUT:"F:\VS Project\LeetCode\Debug\LeetCode.exe" /INCREMENTAL /NOLOGO kernel32.lib user32.lib gdi32.lib winspool.lib comdlg32.lib advapi32.lib shell32.lib ole32.lib oleaut32.lib uuid.lib odbc32.lib odbccp32.lib /MANIFEST /MANIFESTUAC:"level='asInvoker' uiAccess='false'" /manifest:embed /DEBUG /PDB:"F:\VS Project\LeetCode\Debug\LeetCode.pdb" /SUBSYSTEM:CONSOLE /TLBID:1 /DYNAMICBASE /NXCOMPAT /IMPLIB:"F:\VS Project\LeetCode\Debug\LeetCode.lib" /MACHINE:X86 Debug\Find_K_Pairs.obj
         Debug\GuessNumber_I.obj
         Debug\GuessNumber_II.obj
         Debug\Largest_Divisible_Subset.obj
         Debug\LeetCode.obj
         Debug\stdafx.obj
         Debug\Sum_Two_Integers.obj
         Debug\Super_Pow.obj
         LeetCode.vcxproj -> F:\VS Project\LeetCode\Debug\LeetCode.exe
     1>已完成生成项目“F:\VS Project\LeetCode\LeetCode\LeetCode.vcxproj”(Build 个目标)的操作。

生成成功。

已用时间 00:00:00.86
